<?xml version="1.0" encoding="UTF-8"?>
<testng-results ignored="0" total="2" passed="1" failed="1" skipped="0">
  <reporter-output>
  </reporter-output>
  <suite started-at="2021-11-04T12:20:46 IST" name="Default suite" finished-at="2021-11-04T12:21:01 IST" duration-ms="14205">
    <groups>
    </groups>
    <test started-at="2021-11-04T12:20:46 IST" name="Default test" finished-at="2021-11-04T12:21:01 IST" duration-ms="14205">
      <class name="package1.ChangePassowrd">
        <test-method is-config="true" signature="OpenchromeBrowser()[pri:0, instance:package1.ChangePassowrd@54422e18]" started-at="2021-11-04T12:20:46 IST" name="OpenchromeBrowser" finished-at="2021-11-04T12:20:56 IST" duration-ms="9515" status="PASS">
          <reporter-output>
          </reporter-output>
        </test-method> <!-- OpenchromeBrowser -->
        <test-method signature="Login()[pri:1, instance:package1.ChangePassowrd@54422e18]" started-at="2021-11-04T12:20:56 IST" name="Login" description="Guru99 login" finished-at="2021-11-04T12:21:00 IST" duration-ms="4488" status="PASS">
          <reporter-output>
          </reporter-output>
        </test-method> <!-- Login -->
        <test-method signature="Changepassword(java.lang.String,java.lang.String,java.lang.String)[pri:2, instance:package1.ChangePassowrd@54422e18]" started-at="2021-11-04T12:21:00 IST" name="Changepassword" description="Guru99 login" finished-at="2021-11-04T12:21:00 IST" duration-ms="0" status="FAIL">
          <exception class="org.testng.TestNGException">
            <message>
              <![CDATA[
Method public void package1.ChangePassowrd.Changepassword(java.lang.String,java.lang.String,java.lang.String) throws java.lang.Throwable requires a @DataProvider named : authentication ]]>
            </message>
            <full-stacktrace>
              <![CDATA[org.testng.TestNGException: 
Method public void package1.ChangePassowrd.Changepassword(java.lang.String,java.lang.String,java.lang.String) throws java.lang.Throwable requires a @DataProvider named : authentication 
at org.testng.internal.Parameters.findDataProvider(Parameters.java:561)
at org.testng.internal.Parameters.handleParameters(Parameters.java:772)
at org.testng.internal.Parameters.handleParameters(Parameters.java:740)
at org.testng.internal.ParameterHandler.handleParameters(ParameterHandler.java:59)
at org.testng.internal.ParameterHandler.createParameters(ParameterHandler.java:38)
at org.testng.internal.TestInvoker$MethodInvocationAgent.invoke(TestInvoker.java:791)
at org.testng.internal.TestInvoker.invokeTestMethods(TestInvoker.java:146)
at org.testng.internal.TestMethodWorker.invokeTestMethods(TestMethodWorker.java:146)
at org.testng.internal.TestMethodWorker.run(TestMethodWorker.java:128)
at java.base/java.util.ArrayList.forEach(ArrayList.java:1511)
at org.testng.TestRunner.privateRun(TestRunner.java:794)
at org.testng.TestRunner.run(TestRunner.java:596)
at org.testng.SuiteRunner.runTest(SuiteRunner.java:377)
at org.testng.SuiteRunner.runSequentially(SuiteRunner.java:371)
at org.testng.SuiteRunner.privateRun(SuiteRunner.java:332)
at org.testng.SuiteRunner.run(SuiteRunner.java:276)
at org.testng.SuiteRunnerWorker.runSuite(SuiteRunnerWorker.java:53)
at org.testng.SuiteRunnerWorker.run(SuiteRunnerWorker.java:96)
at org.testng.TestNG.runSuitesSequentially(TestNG.java:1212)
at org.testng.TestNG.runSuitesLocally(TestNG.java:1134)
at org.testng.TestNG.runSuites(TestNG.java:1063)
at org.testng.TestNG.run(TestNG.java:1031)
at org.testng.remote.AbstractRemoteTestNG.run(AbstractRemoteTestNG.java:115)
at org.testng.remote.RemoteTestNG.initAndRun(RemoteTestNG.java:251)
at org.testng.remote.RemoteTestNG.main(RemoteTestNG.java:77)
]]>
            </full-stacktrace>
          </exception> <!-- org.testng.TestNGException -->
          <reporter-output>
          </reporter-output>
        </test-method> <!-- Changepassword -->
        <test-method is-config="true" signature="closeBrowser()[pri:0, instance:package1.ChangePassowrd@54422e18]" started-at="2021-11-04T12:21:01 IST" name="closeBrowser" finished-at="2021-11-04T12:21:01 IST" duration-ms="158" status="PASS">
          <reporter-output>
          </reporter-output>
        </test-method> <!-- closeBrowser -->
      </class> <!-- package1.ChangePassowrd -->
    </test> <!-- Default test -->
  </suite> <!-- Default suite -->
</testng-results>
